[18:05:25] [main/INFO]: Setting user: Player870
[18:05:26] [Client thread/INFO]: LWJGL Version: 2.9.1
[18:05:34] [Client thread/INFO]: Reloading ResourceManager: Default, FMLFileResourcePack:Forge Mod Loader, FMLFileResourcePack:Minecraft Forge, FMLFileResourcePack:More Pets
[18:05:35] [Sound Library Loader/INFO]: Sound engine started
[18:05:35] [Client thread/INFO]: Created: 16x16 textures/blocks-atlas
[18:05:35] [Client thread/INFO]: Created: 16x16 textures/items-atlas
[18:05:35] [Client thread/INFO]: Reloading ResourceManager: Default, FMLFileResourcePack:Forge Mod Loader, FMLFileResourcePack:Minecraft Forge, FMLFileResourcePack:More Pets
[18:05:35] [Client thread/INFO]: Created: 512x256 textures/blocks-atlas
[18:05:36] [Client thread/INFO]: Created: 256x256 textures/items-atlas
[18:05:36] [Sound Library Loader/INFO]: Sound engine started
[18:05:40] [Server thread/INFO]: Starting integrated minecraft server version 1.7.10
[18:05:40] [Server thread/INFO]: Generating keypair
[18:05:40] [Server thread/INFO]: Preparing start region for level 0
[18:05:41] [Server thread/INFO]: Changing view distance to 12, from 10
[18:05:42] [Server thread/INFO]: Player870[local:E:681a84a2] logged in with entity id 398 at (218.66418491625706, 80.357504, 242.43630025371198)
[18:05:42] [Server thread/INFO]: Player870 joined the game
[18:05:45] [Client thread/INFO]: [CHAT] [MorePets] Set coordinates!
[18:05:49] [Server thread/INFO]: Saving and pausing game...
[18:05:49] [Server thread/INFO]: Saving chunks for level 'Test'/Overworld
[18:05:49] [Server thread/INFO]: Saving chunks for level 'Test'/Nether
[18:05:49] [Server thread/INFO]: Saving chunks for level 'Test'/The End
[18:06:07] [Server thread/INFO]: Saving and pausing game...
[18:06:07] [Server thread/INFO]: Saving chunks for level 'Test'/Overworld
[18:06:07] [Server thread/INFO]: Saving chunks for level 'Test'/Nether
[18:06:07] [Server thread/INFO]: Saving chunks for level 'Test'/The End
[18:06:17] [Client thread/INFO]: [CHAT] [MorePets] Set coordinates!
[18:06:23] [Client thread/INFO]: [CHAT] [MorePets] Set coordinates!
[18:06:30] [Server thread/INFO]: Saving and pausing game...
[18:06:30] [Server thread/INFO]: Saving chunks for level 'Test'/Overworld
[18:06:30] [Server thread/INFO]: Saving chunks for level 'Test'/Nether
[18:06:30] [Server thread/INFO]: Saving chunks for level 'Test'/The End
[18:06:34] [Server thread/INFO]: Stopping server
[18:06:34] [Server thread/INFO]: Saving players
[18:06:34] [Server thread/INFO]: Saving worlds
[18:06:34] [Server thread/INFO]: Saving chunks for level 'Test'/Overworld
[18:06:34] [Server thread/INFO]: Saving chunks for level 'Test'/Nether
[18:06:34] [Server thread/INFO]: Saving chunks for level 'Test'/The End
[18:06:35] [Client thread/INFO]: Stopping!
